<?xml version="1.0" encoding="UTF-8"?>
<testsuite name="CareerTest" tests="3" skipped="0" failures="0" errors="0" timestamp="2016-05-16T17:36:57" hostname="epicodus-39.local" time="0.121">
  <properties/>
  <testcase name="Career_instantiatesCorrectly_True" classname="CareerTest" time="0.076"/>
  <testcase name="all_emptyAtFirst_0" classname="CareerTest" time="0.041"/>
  <testcase name="getName_careerInstantiatesWithName_String" classname="CareerTest" time="0.004"/>
  <system-out><![CDATA[]]></system-out>
  <system-err><![CDATA[]]></system-err>
</testsuite>
